<?xml version="1.0" encoding="UTF-8"?>
<!-- Generated by org.testng.reporters.JUnitReportReporter -->
<testsuite skipped="0" hostname="LAPTOP-P9UGU7PC" name="Letspush.Abc" tests="1" failures="0" timestamp="2023-04-17T09:41:57 IST" time="0.878" errors="0">
  <testcase name="Test" time="0.878" classname="Letspush.Abc"/>
  <system-out/>
</testsuite> <!-- Letspush.Abc -->
